#
# A fatal error has been detected by the Java Runtime Environment:
#
#  SIGSEGV (0xb) at pc=0x00000001054a23d7, pid=3769, tid=0x0000000000002f03
#
# JRE version: OpenJDK Runtime Environment (8.0_152-b01) (build 1.8.0_152-release-1248-b01)
# Java VM: OpenJDK 64-Bit Server VM (25.152-b01 mixed mode bsd-amd64 compressed oops)
# Problematic frame:
# V  [libjvm.dylib+0x4a23d7]
#
# Failed to write core dump. Core dumps have been disabled. To enable core dumping, try "ulimit -c unlimited" before starting Java again
#
# If you would like to submit a bug report, please visit:
#   http://bugreport.java.com/bugreport/crash.jsp
#

---------------  T H R E A D  ---------------

Current thread (0x00007fc499801800):  GCTaskThread [stack: 0x0000700005b21000,0x0000700005c21000] [id=12035]

siginfo: si_signo: 11 (SIGSEGV), si_code: 1 (SEGV_MAPERR), si_addr: 0x000000021ea55d04

Registers:
RAX=0x0000000105815598, RBX=0x0000700005c20d50, RCX=0x0000000000000000, RDX=0x0000700005c20d50
RSP=0x0000700005c20cd0, RBP=0x0000700005c20ce0, RSI=0x000000021ea55c50, RDI=0x0000700005c20d50
R8 =0x0000000105816500, R9 =0x0000000105803432, R10=0x000000010582752b, R11=0xffffffffbc47a770
R12=0x0000700005c20d50, R13=0x00000001055d8214, R14=0x00007fc4979030a0, R15=0x0000700005c20d98
RIP=0x00000001054a23d7, EFLAGS=0x0000000000010206, ERR=0x0000000000000004
  TRAPNO=0x000000000000000e

Top of Stack: (sp=0x0000700005c20cd0)
0x0000700005c20cd0:   0000000105815598 000000021ea55c50
0x0000700005c20ce0:   0000700005c20d10 000000010518181d
0x0000700005c20cf0:   00007fc4979030a0 0000000000000000
0x0000700005c20d00:   0000700005c20d50 0000700005c20d98
0x0000700005c20d10:   0000700005c20d40 00000001051826f4
0x0000700005c20d20:   00007fc498593710 00007fc498593710
0x0000700005c20d30:   00007fc499008ac0 0000000000000001
0x0000700005c20d40:   0000700005c20dc0 00000001054a20aa
0x0000700005c20d50:   0000000105815598 000000010543e700
0x0000700005c20d60:   00000001058155b0 00007fc497802800
0x0000700005c20d70:   00007fc499008ac0 0000000000000000
0x0000700005c20d80:   00000001058155e0 00007fc497802700
0x0000700005c20d90:   00007fc499008ac0 0000000105815568
0x0000700005c20da0:   00007fc499801800 00007fc499008ac0
0x0000700005c20db0:   00007fc499801800 0000000000000000
0x0000700005c20dc0:   0000700005c20ea0 000000010525f488
0x0000700005c20dd0:   00007fc497804500 00007fc499801800
0x0000700005c20de0:   00007fc497803db0 00007fc497803df0
0x0000700005c20df0:   00007fc497803e00 00007fc497803ed8
0x0000700005c20e00:   00000000000000d8 00007fc497803ff0
0x0000700005c20e10:   00007fc499801800 00007fc497803db0
0x0000700005c20e20:   00007fc497803df0 00007fc497803e00
0x0000700005c20e30:   00007fc497803ed8 00000000000000d8
0x0000700005c20e40:   0000700005c20dd8 00007fc497803990
0x0000700005c20e50:   00007fc4978039c0 00007fc4978039d0
0x0000700005c20e60:   00007fc497803da8 00000000000003d8
0x0000700005c20e70:   0000000000000000 00007fc4978048b0
0x0000700005c20e80:   00007fc497804920 0000000000002f03
0x0000700005c20e90:   00007fc499801800 0000000000000001
0x0000700005c20ea0:   0000700005c20ef0 000000010545fb8d
0x0000700005c20eb0:   0000000000029d2a 0000700005c210e0
0x0000700005c20ec0:   0000700005c21180 0000000600000000 

Instructions: (pc=0x00000001054a23d7)
0x00000001054a23b7:   8d 05 7d 5e 13 00 5d c3 90 55 48 89 e5 48 8d 05
0x00000001054a23c7:   87 5e 13 00 5d c3 90 55 48 89 e5 53 50 48 89 fb
0x00000001054a23d7:   80 be b4 00 00 00 01 75 26 c6 86 b4 00 00 00 00
0x00000001054a23e7:   48 8d 43 10 48 89 73 28 48 8b 0e 48 89 f7 48 89 

Register to memory mapping:

RAX=0x0000000105815598: _ZTV22PSScavengeKlassClosure+0x10 in /Applications/Android Studio.app/Contents/jre/jdk/Contents/Home/jre/lib/server/libjvm.dylib at 0x0000000105000000
RBX=0x0000700005c20d50 is an unknown value
RCX=0x0000000000000000 is an unknown value
RDX=0x0000700005c20d50 is an unknown value
RSP=0x0000700005c20cd0 is an unknown value
RBP=0x0000700005c20ce0 is an unknown value
RSI=0x000000021ea55c50 is an unknown value
RDI=0x0000700005c20d50 is an unknown value
R8 =0x0000000105816500: _ZN8Universe11_narrow_oopE+0 in /Applications/Android Studio.app/Contents/jre/jdk/Contents/Home/jre/lib/server/libjvm.dylib at 0x0000000105000000
R9 =0x0000000105803432: UseBiasedLocking+0 in /Applications/Android Studio.app/Contents/jre/jdk/Contents/Home/jre/lib/server/libjvm.dylib at 0x0000000105000000
R10=0x000000010582752b: AssumeMP+0 in /Applications/Android Studio.app/Contents/jre/jdk/Contents/Home/jre/lib/server/libjvm.dylib at 0x0000000105000000
R11=0xffffffffbc47a770 is an unknown value
R12=0x0000700005c20d50 is an unknown value
R13=0x00000001055d8214: _ZN24YieldingFlexibleWorkGang8run_taskEP16AbstractGangTask+0x45900 in /Applications/Android Studio.app/Contents/jre/jdk/Contents/Home/jre/lib/server/libjvm.dylib at 0x0000000105000000
R14=0x00007fc4979030a0 is an unknown value
R15=0x0000700005c20d98 is an unknown value


Stack: [0x0000700005b21000,0x0000700005c21000],  sp=0x0000700005c20cd0,  free space=1023k
Native frames: (J=compiled Java code, j=interpreted, Vv=VM code, C=native code)
V  [libjvm.dylib+0x4a23d7]
V  [libjvm.dylib+0x18181d]
V  [libjvm.dylib+0x1826f4]
V  [libjvm.dylib+0x4a20aa]
V  [libjvm.dylib+0x25f488]
V  [libjvm.dylib+0x45fb8d]
C  [libsystem_pthread.dylib+0x393b]  _pthread_body+0xb4
C  [libsystem_pthread.dylib+0x3887]  _pthread_body+0x0
C  [libsystem_pthread.dylib+0x308d]  thread_start+0xd


---------------  P R O C E S S  ---------------

Java Threads: ( => current thread )
  0x00007fc497261800 JavaThread "ForkJoinPool.commonPool-worker-2" daemon [_thread_blocked, id=40247, stack(0x0000700008de2000,0x0000700008ee2000)]
  0x00007fc4a10bc000 JavaThread "stdout" [_thread_in_native, id=52255, stack(0x0000700008cdf000,0x0000700008ddf000)]
  0x00007fc49da3f000 JavaThread "stderr" [_thread_in_native, id=34103, stack(0x0000700008bdc000,0x0000700008cdc000)]
  0x00007fc49ea24800 JavaThread "process reaper" daemon [_thread_in_native, id=25907, stack(0x0000700008bb1000,0x0000700008bd9000)]
  0x00007fc49eac2800 JavaThread "pool-44-thread-1" [_thread_blocked, id=38191, stack(0x0000700008aae000,0x0000700008bae000)]
  0x00007fc4a1e73800 JavaThread "Cache worker for Build Output Cleanup Cache (/Volumes/Data/Projects/Android/HondaPOC/.gradle/buildOutputCleanup)" [_thread_blocked, id=27703, stack(0x00007000089ab000,0x0000700008aab000)]
  0x00007fc49bead000 JavaThread "Cache worker for task history cache (/Volumes/Data/Projects/Android/HondaPOC/.gradle/4.10.1/taskHistory)" [_thread_blocked, id=40507, stack(0x00007000088a8000,0x00007000089a8000)]
  0x00007fc49a519000 JavaThread "Task worker for ':' Thread 7" [_thread_blocked, id=43035, stack(0x00007000087a5000,0x00007000088a5000)]
  0x00007fc4a2630000 JavaThread "Task worker for ':' Thread 6" [_thread_blocked, id=44851, stack(0x00007000086a2000,0x00007000087a2000)]
  0x00007fc4a185a800 JavaThread "Task worker for ':' Thread 5" [_thread_blocked, id=39987, stack(0x000070000859f000,0x000070000869f000)]
  0x00007fc497704000 JavaThread "Task worker for ':' Thread 4" [_thread_blocked, id=42267, stack(0x000070000849c000,0x000070000859c000)]
  0x00007fc4a21dd000 JavaThread "Task worker for ':' Thread 3" [_thread_blocked, id=25399, stack(0x0000700008399000,0x0000700008499000)]
  0x00007fc4a1d2f000 JavaThread "Task worker for ':' Thread 2" [_thread_blocked, id=42807, stack(0x0000700008296000,0x0000700008396000)]
  0x00007fc4a2d9c800 JavaThread "Task worker for ':'" [_thread_blocked, id=31799, stack(0x0000700008193000,0x0000700008293000)]
  0x00007fc4a34f5000 JavaThread "Cache worker for file content cache (/Volumes/Data/Projects/Android/HondaPOC/.gradle/4.10.1/fileContent)" [_thread_blocked, id=32563, stack(0x0000700007e8a000,0x0000700007f8a000)]
  0x00007fc49bd05800 JavaThread "Build operations Thread 8" [_thread_blocked, id=30011, stack(0x0000700007d87000,0x0000700007e87000)]
  0x00007fc49bca8000 JavaThread "Build operations Thread 7" [_thread_blocked, id=30263, stack(0x0000700007c84000,0x0000700007d84000)]
  0x00007fc49db19800 JavaThread "Build operations Thread 6" [_thread_blocked, id=33567, stack(0x0000700007b81000,0x0000700007c81000)]
  0x00007fc49b892000 JavaThread "Build operations Thread 5" [_thread_blocked, id=41015, stack(0x0000700007a7e000,0x0000700007b7e000)]
  0x00007fc4a1863000 JavaThread "Build operations Thread 4" [_thread_blocked, id=32315, stack(0x000070000797b000,0x0000700007a7b000)]
  0x00007fc49bade000 JavaThread "Build operations Thread 3" [_thread_blocked, id=33087, stack(0x0000700007878000,0x0000700007978000)]
  0x00007fc49de3c800 JavaThread "Build operations Thread 2" [_thread_blocked, id=45879, stack(0x0000700007775000,0x0000700007875000)]
  0x00007fc497728800 JavaThread "Build operations" [_thread_blocked, id=39479, stack(0x000070000756f000,0x000070000766f000)]
  0x00007fc4a3432000 JavaThread "Cache worker for cache directory md-rule (/Users/thienvan/.gradle/caches/4.10.1/md-rule)" [_thread_blocked, id=37175, stack(0x000070000746c000,0x000070000756c000)]
  0x00007fc49d85b800 JavaThread "Cache worker for cache directory md-supplier (/Users/thienvan/.gradle/caches/4.10.1/md-supplier)" [_thread_blocked, id=37431, stack(0x0000700007266000,0x0000700007366000)]
  0x00007fc49847a800 JavaThread "Cache worker for file hash cache (/Volumes/Data/Projects/Android/HondaPOC/.gradle/4.10.1/fileHashes)" [_thread_blocked, id=24375, stack(0x0000700006f5d000,0x000070000705d000)]
  0x00007fc49705f800 JavaThread "Stdin handler" [_thread_blocked, id=31031, stack(0x0000700006e5a000,0x0000700006f5a000)]
  0x00007fc4a1446800 JavaThread "Asynchronous log dispatcher for DefaultDaemonConnection: socket connection from /127.0.0.1:54101 to /127.0.0.1:58088" [_thread_blocked, id=27455, stack(0x0000700006d57000,0x0000700006e57000)]
  0x00007fc4a1380800 JavaThread "Daemon worker Thread 11" [_thread_blocked, id=39223, stack(0x0000700006c54000,0x0000700006d54000)]
  0x00007fc4a1c71800 JavaThread "Cancel handler" [_thread_blocked, id=48159, stack(0x0000700006b51000,0x0000700006c51000)]
  0x00007fc497760800 JavaThread "Handler for socket connection from /127.0.0.1:54101 to /127.0.0.1:58088" [_thread_in_native, id=23595, stack(0x0000700006a4e000,0x0000700006b4e000)]
  0x00007fc49eb35800 JavaThread "Daemon Thread 11" [_thread_blocked, id=4467, stack(0x0000700005409000,0x0000700005509000)]
  0x00007fc49b5d6800 JavaThread "Cache worker for file content cache (/Users/thienvan/.gradle/caches/4.10.1/fileContent)" [_thread_blocked, id=37639, stack(0x0000700008090000,0x0000700008190000)]
  0x00007fc4998de000 JavaThread "Memory manager" [_thread_blocked, id=5127, stack(0x0000700007f8d000,0x000070000808d000)]
  0x00007fc49b8c6000 JavaThread "Cache worker for Artifact transforms cache (/Users/thienvan/.gradle/caches/transforms-1)" [_thread_blocked, id=29443, stack(0x0000700007672000,0x0000700007772000)]
  0x00007fc49924c800 JavaThread "Cache worker for journal cache (/Users/thienvan/.gradle/caches/journal-1)" [_thread_blocked, id=27907, stack(0x0000700007369000,0x0000700007469000)]
  0x00007fc4974ea000 JavaThread "File lock request listener" [_thread_in_native, id=26883, stack(0x0000700007163000,0x0000700007263000)]
  0x00007fc49807c800 JavaThread "Cache worker for file hash cache (/Users/thienvan/.gradle/caches/4.10.1/fileHashes)" [_thread_blocked, id=26371, stack(0x0000700007060000,0x0000700007160000)]
  0x00007fc498d3d800 JavaThread "Daemon periodic checks" [_thread_blocked, id=22787, stack(0x000070000694b000,0x0000700006a4b000)]
  0x00007fc4991ff800 JavaThread "Incoming local TCP Connector on port 54101" [_thread_in_native, id=22275, stack(0x0000700006848000,0x0000700006948000)]
  0x00007fc497062000 JavaThread "Service Thread" daemon [_thread_blocked, id=21251, stack(0x0000700006642000,0x0000700006742000)]
  0x00007fc497036800 JavaThread "C1 CompilerThread3" daemon [_thread_blocked, id=20739, stack(0x000070000653f000,0x000070000663f000)]
  0x00007fc497035800 JavaThread "C2 CompilerThread2" daemon [_thread_blocked, id=20227, stack(0x000070000643c000,0x000070000653c000)]
  0x00007fc497030000 JavaThread "C2 CompilerThread1" daemon [_thread_blocked, id=19715, stack(0x0000700006339000,0x0000700006439000)]
  0x00007fc49702e000 JavaThread "C2 CompilerThread0" daemon [_thread_blocked, id=19203, stack(0x0000700006236000,0x0000700006336000)]
  0x00007fc49701f000 JavaThread "Signal Dispatcher" daemon [_thread_blocked, id=18691, stack(0x0000700006133000,0x0000700006233000)]
  0x00007fc49900c000 JavaThread "Finalizer" daemon [_thread_blocked, id=14595, stack(0x0000700006030000,0x0000700006130000)]
  0x00007fc497016000 JavaThread "Reference Handler" daemon [_thread_blocked, id=14083, stack(0x0000700005f2d000,0x000070000602d000)]
  0x00007fc498002800 JavaThread "main" [_thread_blocked, id=7171, stack(0x000070000550f000,0x000070000560f000)]

Other Threads:
  0x00007fc499009800 VMThread [stack: 0x0000700005e2a000,0x0000700005f2a000] [id=13571]
  0x00007fc497035000 WatcherThread [stack: 0x0000700006745000,0x0000700006845000] [id=21763]

=>0x00007fc499801800 (exited) GCTaskThread [stack: 0x0000700005b21000,0x0000700005c21000] [id=12035]

VM state:at safepoint (normal execution)

VM Mutex/Monitor currently owned by a thread:  ([mutex/lock_event])
[0x00007fc496d01c60] Threads_lock - owner thread: 0x00007fc499009800
[0x00007fc496d02160] Heap_lock - owner thread: 0x00007fc4a2630000

Heap:
 PSYoungGen      total 313856K, used 313319K [0x00000007a0000000, 0x00000007bf600000, 0x00000007c0000000)
  eden space 304128K, 99% used [0x00000007a0000000,0x00000007b28cd6c0,0x00000007b2900000)
  from space 9728K, 96% used [0x00000007b2900000,0x00000007b322c780,0x00000007b3280000)
  to   space 104960K, 8% used [0x00000007b8f80000,0x00000007b98098a8,0x00000007bf600000)
 ParOldGen       total 386048K, used 251019K [0x0000000760000000, 0x0000000777900000, 0x00000007a0000000)
  object space 386048K, 65% used [0x0000000760000000,0x000000076f522cc0,0x0000000777900000)
 Metaspace       used 154459K, capacity 163470K, committed 163736K, reserved 1191936K
  class space    used 19630K, capacity 21393K, committed 21424K, reserved 1048576K

Card table byte_map: [0x0000000114f1d000,0x000000011521e000] byte_map_base: 0x000000011141d000

Marking Bits: (ParMarkBitMap*) 0x000000010582c8f8
 Begin Bits: [0x000000011541e000, 0x0000000116c1e000)
 End Bits:   [0x0000000116c1e000, 0x000000011841e000)

Polling page: 0x0000000103edd000

CodeCache: size=245760Kb used=112909Kb max_used=115473Kb free=132850Kb
 bounds [0x0000000105f1d000, 0x000000010d0ad000, 0x0000000114f1d000]
 total_blobs=31330 nmethods=30406 adapters=835
 compilation: enabled

Compilation events (10 events):
Event: 7910.721 Thread 0x00007fc497036800 nmethod 41990 0x0000000108e0f350 code [0x0000000108e0f4c0, 0x0000000108e0f6c8]
Event: 7910.721 Thread 0x00007fc497036800 41991       3       java.util.TreeMap$NavigableSubMap$SubMapIterator::nextEntry (68 bytes)
Event: 7910.722 Thread 0x00007fc497036800 nmethod 41991 0x0000000107a3d610 code [0x0000000107a3d7c0, 0x0000000107a3dc08]
Event: 7910.722 Thread 0x00007fc49702e000 nmethod 41992 0x0000000108f17190 code [0x0000000108f172e0, 0x0000000108f173b8]
Event: 7910.749 Thread 0x00007fc497036800 41993       1       java.util.zip.CRC32::getValue (10 bytes)
Event: 7910.750 Thread 0x00007fc497036800 nmethod 41993 0x0000000108f16e90 code [0x0000000108f16fe0, 0x0000000108f170f0]
Event: 7910.785 Thread 0x00007fc497035800 41994       4       com.android.tools.build.apkzlib.zip.FileUseMap::locateFree (465 bytes)
Event: 7910.825 Thread 0x00007fc497035800 nmethod 41994 0x0000000109eda210 code [0x0000000109eda520, 0x0000000109edbc90]
Event: 7911.255 Thread 0x00007fc497030000 41995       4       com.android.tools.build.apkzlib.zip.ZFile::reopenRw (235 bytes)
Event: 7911.279 Thread 0x00007fc497030000 nmethod 41995 0x0000000106d4f1d0 code [0x0000000106d4f3e0, 0x0000000106d4f9d0]

GC Heap History (10 events):
Event: 2500.199 GC heap after
Heap after GC invocations=53 (full 7):
 PSYoungGen      total 419328K, used 10015K [0x00000007a0000000, 0x00000007c0000000, 0x00000007c0000000)
  eden space 311808K, 0% used [0x00000007a0000000,0x00000007a0000000,0x00000007b3080000)
  from space 107520K, 9% used [0x00000007b9700000,0x00000007ba0c7dd8,0x00000007c0000000)
  to   space 104960K, 0% used [0x00000007b3080000,0x00000007b3080000,0x00000007b9700000)
 ParOldGen       total 352768K, used 308743K [0x0000000760000000, 0x0000000775880000, 0x00000007a0000000)
  object space 352768K, 87% used [0x0000000760000000,0x0000000772d81f18,0x0000000775880000)
 Metaspace       used 153726K, capacity 162566K, committed 162712K, reserved 1189888K
  class space    used 19560K, capacity 21301K, committed 21424K, reserved 1048576K
}
Event: 2500.199 GC heap before
{Heap before GC invocations=54 (full 8):
 PSYoungGen      total 419328K, used 10015K [0x00000007a0000000, 0x00000007c0000000, 0x00000007c0000000)
  eden space 311808K, 0% used [0x00000007a0000000,0x00000007a0000000,0x00000007b3080000)
  from space 107520K, 9% used [0x00000007b9700000,0x00000007ba0c7dd8,0x00000007c0000000)
  to   space 104960K, 0% used [0x00000007b3080000,0x00000007b3080000,0x00000007b9700000)
 ParOldGen       total 352768K, used 308743K [0x0000000760000000, 0x0000000775880000, 0x00000007a0000000)
  object space 352768K, 87% used [0x0000000760000000,0x0000000772d81f18,0x0000000775880000)
 Metaspace       used 153726K, capacity 162566K, committed 162712K, reserved 1189888K
  class space    used 19560K, capacity 21301K, committed 21424K, reserved 1048576K
Event: 2501.056 GC heap after
Heap after GC invocations=54 (full 8):
 PSYoungGen      total 419328K, used 0K [0x00000007a0000000, 0x00000007c0000000, 0x00000007c0000000)
  eden space 311808K, 0% used [0x00000007a0000000,0x00000007a0000000,0x00000007b3080000)
  from space 107520K, 0% used [0x00000007b9700000,0x00000007b9700000,0x00000007c0000000)
  to   space 104960K, 0% used [0x00000007b3080000,0x00000007b3080000,0x00000007b9700000)
 ParOldGen       total 386048K, used 147648K [0x0000000760000000, 0x0000000777900000, 0x00000007a0000000)
  object space 386048K, 38% used [0x0000000760000000,0x00000007690300e0,0x0000000777900000)
 Metaspace       used 153722K, capacity 162560K, committed 162712K, reserved 1189888K
  class space    used 19559K, capacity 21300K, committed 21424K, reserved 1048576K
}
Event: 2502.408 GC heap before
{Heap before GC invocations=55 (full 8):
 PSYoungGen      total 419328K, used 311808K [0x00000007a0000000, 0x00000007c0000000, 0x00000007c0000000)
  eden space 311808K, 100% used [0x00000007a0000000,0x00000007b3080000,0x00000007b3080000)
  from space 107520K, 0% used [0x00000007b9700000,0x00000007b9700000,0x00000007c0000000)
  to   space 104960K, 0% used [0x00000007b3080000,0x00000007b3080000,0x00000007b9700000)
 ParOldGen       total 386048K, used 147648K [0x0000000760000000, 0x0000000777900000, 0x00000007a0000000)
  object space 386048K, 38% used [0x0000000760000000,0x00000007690300e0,0x0000000777900000)
 Metaspace       used 153977K, capacity 162870K, committed 163224K, reserved 1191936K
  class space    used 19591K, capacity 21337K, committed 21424K, reserved 1048576K
Event: 2502.492 GC heap after
Heap after GC invocations=55 (full 8):
 PSYoungGen      total 387584K, used 75356K [0x00000007a0000000, 0x00000007c0000000, 0x00000007c0000000)
  eden space 311808K, 0% used [0x00000007a0000000,0x00000007a0000000,0x00000007b3080000)
  from space 75776K, 99% used [0x00000007b3080000,0x00000007b7a17038,0x00000007b7a80000)
  to   space 113152K, 0% used [0x00000007b9180000,0x00000007b9180000,0x00000007c0000000)
 ParOldGen       total 386048K, used 147648K [0x0000000760000000, 0x0000000777900000, 0x00000007a0000000)
  object space 386048K, 38% used [0x0000000760000000,0x00000007690300e0,0x0000000777900000)
 Metaspace       used 153977K, capacity 162870K, committed 163224K, reserved 1191936K
  class space    used 19591K, capacity 21337K, committed 21424K, reserved 1048576K
}
Event: 2506.915 GC heap before
{Heap before GC invocations=56 (full 8):
 PSYoungGen      total 387584K, used 387164K [0x00000007a0000000, 0x00000007c0000000, 0x00000007c0000000)
  eden space 311808K, 100% used [0x00000007a0000000,0x00000007b3080000,0x00000007b3080000)
  from space 75776K, 99% used [0x00000007b3080000,0x00000007b7a17038,0x00000007b7a80000)
  to   space 113152K, 0% used [0x00000007b9180000,0x00000007b9180000,0x00000007c0000000)
 ParOldGen       total 386048K, used 147648K [0x0000000760000000, 0x0000000777900000, 0x00000007a0000000)
  object space 386048K, 38% used [0x0000000760000000,0x00000007690300e0,0x0000000777900000)
 Metaspace       used 154233K, capacity 163118K, committed 163224K, reserved 1191936K
  class space    used 19620K, capacity 21377K, committed 21424K, reserved 1048576K
Event: 2507.117 GC heap after
Heap after GC invocations=56 (full 8):
 PSYoungGen      total 417280K, used 30050K [0x00000007a0000000, 0x00000007c0000000, 0x00000007c0000000)
  eden space 304128K, 0% used [0x00000007a0000000,0x00000007a0000000,0x00000007b2900000)
  from space 113152K, 26% used [0x00000007b9180000,0x00000007baed8af0,0x00000007c0000000)
  to   space 107008K, 0% used [0x00000007b2900000,0x00000007b2900000,0x00000007b9180000)
 ParOldGen       total 386048K, used 221723K [0x0000000760000000, 0x0000000777900000, 0x00000007a0000000)
  object space 386048K, 57% used [0x0000000760000000,0x000000076d886d38,0x0000000777900000)
 Metaspace       used 154233K, capacity 163118K, committed 163224K, reserved 1191936K
  class space    used 19620K, capacity 21377K, committed 21424K, reserved 1048576K
}
Event: 2626.908 GC heap before
{Heap before GC invocations=57 (full 8):
 PSYoungGen      total 417280K, used 334178K [0x00000007a0000000, 0x00000007c0000000, 0x00000007c0000000)
  eden space 304128K, 100% used [0x00000007a0000000,0x00000007b2900000,0x00000007b2900000)
  from space 113152K, 26% used [0x00000007b9180000,0x00000007baed8af0,0x00000007c0000000)
  to   space 107008K, 0% used [0x00000007b2900000,0x00000007b2900000,0x00000007b9180000)
 ParOldGen       total 386048K, used 221723K [0x0000000760000000, 0x0000000777900000, 0x00000007a0000000)
  object space 386048K, 57% used [0x0000000760000000,0x000000076d886d38,0x0000000777900000)
 Metaspace       used 154332K, capacity 163340K, committed 163480K, reserved 1191936K
  class space    used 19623K, capacity 21382K, committed 21424K, reserved 1048576K
Event: 2626.986 GC heap after
Heap after GC invocations=57 (full 8):
 PSYoungGen      total 313856K, used 9393K [0x00000007a0000000, 0x00000007bf600000, 0x00000007c0000000)
  eden space 304128K, 0% used [0x00000007a0000000,0x00000007a0000000,0x00000007b2900000)
  from space 9728K, 96% used [0x00000007b2900000,0x00000007b322c780,0x00000007b3280000)
  to   space 104960K, 0% used [0x00000007b8f80000,0x00000007b8f80000,0x00000007bf600000)
 ParOldGen       total 386048K, used 249681K [0x0000000760000000, 0x0000000777900000, 0x00000007a0000000)
  object space 386048K, 64% used [0x0000000760000000,0x000000076f3d47a8,0x0000000777900000)
 Metaspace       used 154332K, capacity 163340K, committed 163480K, reserved 1191936K
  class space    used 19623K, capacity 21382K, committed 21424K, reserved 1048576K
}
Event: 7911.327 GC heap before
{Heap before GC invocations=58 (full 8):
 PSYoungGen      total 313856K, used 313319K [0x00000007a0000000, 0x00000007bf600000, 0x00000007c0000000)
  eden space 304128K, 99% used [0x00000007a0000000,0x00000007b28cd6c0,0x00000007b2900000)
  from space 9728K, 96% used [0x00000007b2900000,0x00000007b322c780,0x00000007b3280000)
  to   space 104960K, 0% used [0x00000007b8f80000,0x00000007b8f80000,0x00000007bf600000)
 ParOldGen       total 386048K, used 249681K [0x0000000760000000, 0x0000000777900000, 0x00000007a0000000)
  object space 386048K, 64% used [0x0000000760000000,0x000000076f3d47a8,0x0000000777900000)
 Metaspace       used 154459K, capacity 163470K, committed 163736K, reserved 1191936K
  class space    used 19630K, capacity 21393K, committed 21424K, reserved 1048576K

Deoptimization events (10 events):
Event: 2507.913 Thread 0x00007fc49a7a8000 Uncommon trap: reason=class_check action=maybe_recompile pc=0x00000001099d5510 method=com.android.tools.r8.graph.DexDebugEvent$Default.equals(Ljava/lang/Object;)Z @ 1
Event: 2507.922 Thread 0x00007fc49a7a8000 Uncommon trap: reason=class_check action=maybe_recompile pc=0x00000001099d5510 method=com.android.tools.r8.graph.DexDebugEvent$Default.equals(Ljava/lang/Object;)Z @ 1
Event: 2508.050 Thread 0x00007fc49851e000 Uncommon trap: reason=unstable_if action=reinterpret pc=0x0000000109edba94 method=org.gradle.api.internal.DefaultNamedDomainObjectCollection.applyRules(Ljava/lang/String;)Z @ 22
Event: 2623.152 Thread 0x00007fc497704000 Uncommon trap: reason=unstable_if action=reinterpret pc=0x0000000108411f5c method=java.util.concurrent.ConcurrentHashMap.transfer([Ljava/util/concurrent/ConcurrentHashMap$Node;[Ljava/util/concurrent/ConcurrentHashMap$Node;)V @ 34
Event: 2623.152 Thread 0x00007fc49b892000 Uncommon trap: reason=unstable_if action=reinterpret pc=0x0000000108411f90 method=java.util.concurrent.ConcurrentHashMap.transfer([Ljava/util/concurrent/ConcurrentHashMap$Node;[Ljava/util/concurrent/ConcurrentHashMap$Node;)V @ 277
Event: 3254.968 Thread 0x00007fc4998de000 Uncommon trap: reason=unstable_if action=reinterpret pc=0x0000000109bd63e4 method=java.text.DecimalFormat.format(JLjava/lang/StringBuffer;Ljava/text/Format$FieldDelegate;)Ljava/lang/StringBuffer; @ 136
Event: 3254.968 Thread 0x00007fc4998de000 Uncommon trap: reason=unstable_if action=reinterpret pc=0x000000010827c510 method=java.text.DigitList.isZero()Z @ 7
Event: 3254.969 Thread 0x00007fc4998de000 Uncommon trap: reason=unstable_if action=reinterpret pc=0x00000001097a3214 method=java.text.DecimalFormat.format(JLjava/lang/StringBuffer;Ljava/text/Format$FieldDelegate;)Ljava/lang/StringBuffer; @ 136
Event: 7905.402 Thread 0x00007fc4a1380800 Uncommon trap: reason=bimorphic action=maybe_recompile pc=0x0000000107d792a0 method=com.google.common.collect.ImmutableList$1.get(I)Ljava/lang/Object; @ 5
Event: 7910.582 Thread 0x00007fc4a2630000 Uncommon trap: reason=null_check action=make_not_entrant pc=0x000000010985d694 method=com.android.tools.build.apkzlib.zip.ZFile.get(Ljava/lang/String;)Lcom/android/tools/build/apkzlib/zip/StoredEntry; @ 61

Classes redefined (0 events):
No events

Internal exceptions (10 events):
Event: 2507.198 Thread 0x00007fc4a2eb5800 Exception <a 'sun/nio/fs/UnixException'> (0x00000007a3c4e038) thrown at [/Volumes/android/AOSP-openjdk-git/jdk8u/hotspot/src/share/vm/prims/jni.cpp, line 709]
Event: 2507.203 Thread 0x00007fc49851e000 Exception <a 'sun/nio/fs/UnixException'> (0x00000007a411e7a8) thrown at [/Volumes/android/AOSP-openjdk-git/jdk8u/hotspot/src/share/vm/prims/jni.cpp, line 709]
Event: 2507.228 Thread 0x00007fc49851f000 Exception <a 'sun/nio/fs/UnixException'> (0x00000007a447b768) thrown at [/Volumes/android/AOSP-openjdk-git/jdk8u/hotspot/src/share/vm/prims/jni.cpp, line 709]
Event: 2507.285 Thread 0x00007fc49ba4d000 Exception <a 'sun/nio/fs/UnixException'> (0x00000007a4abc728) thrown at [/Volumes/android/AOSP-openjdk-git/jdk8u/hotspot/src/share/vm/prims/jni.cpp, line 709]
Event: 2507.773 Thread 0x00007fc4a1863000 Exception <a 'sun/nio/fs/UnixException'> (0x00000007a6097b28) thrown at [/Volumes/android/AOSP-openjdk-git/jdk8u/hotspot/src/share/vm/prims/jni.cpp, line 709]
Event: 2507.848 Thread 0x00007fc4a1863000 Exception <a 'sun/nio/fs/UnixException'> (0x00000007a6cbc890) thrown at [/Volumes/android/AOSP-openjdk-git/jdk8u/hotspot/src/share/vm/prims/jni.cpp, line 709]
Event: 2507.917 Thread 0x00007fc498023000 Exception <a 'sun/nio/fs/UnixException'> (0x00000007a8994240) thrown at [/Volumes/android/AOSP-openjdk-git/jdk8u/hotspot/src/share/vm/prims/jni.cpp, line 709]
Event: 2507.933 Thread 0x00007fc49a7a8000 Exception <a 'sun/nio/fs/UnixException'> (0x00000007a8efee30) thrown at [/Volumes/android/AOSP-openjdk-git/jdk8u/hotspot/src/share/vm/prims/jni.cpp, line 709]
Event: 2622.507 Thread 0x00007fc4a1c71800 Exception <a 'java/lang/reflect/InvocationTargetException'> (0x00000007ad5f4ee0) thrown at [/Volumes/android/AOSP-openjdk-git/jdk8u/hotspot/src/share/vm/runtime/reflection.cpp, line 1092]
Event: 7904.914 Thread 0x00007fc4a1380800 Exception <a 'java/lang/reflect/InvocationTargetException'> (0x00000007a58806e8) thrown at [/Volumes/android/AOSP-openjdk-git/jdk8u/hotspot/src/share/vm/runtime/reflection.cpp, line 1092]

Events (10 events):
Event: 7910.683 loading class com/android/tools/build/apkzlib/zip/StoredEntry
Event: 7910.683 loading class com/android/tools/build/apkzlib/zip/StoredEntry done
Event: 7910.683 loading class com/android/tools/build/apkzlib/zip/StoredEntry
Event: 7910.683 loading class com/android/tools/build/apkzlib/zip/StoredEntry done
Event: 7910.753 Executing VM operation: RevokeBias
Event: 7910.754 Executing VM operation: RevokeBias done
Event: 7910.826 Thread 0x00007fc497035800 flushing nmethod 0x000000010603ab50
Event: 7911.280 Thread 0x00007fc497030000 flushing nmethod 0x0000000106424d50
Event: 7911.281 Thread 0x00007fc497030000 flushing nmethod 0x00000001066196d0
Event: 7911.327 Executing VM operation: ParallelGCFailedAllocation


Dynamic libraries:
0x000000005d1b2000 	/System/Library/Frameworks/Cocoa.framework/Versions/A/Cocoa
0x000000005d1b2000 	/System/Library/Frameworks/Security.framework/Versions/A/Security
0x000000005d1b2000 	/System/Library/Frameworks/ApplicationServices.framework/Versions/A/ApplicationServices
0x000000005d1b2000 	/usr/lib/libz.1.dylib
0x000000005d1b2000 	/usr/lib/libSystem.B.dylib
0x000000005d1b2000 	/System/Library/Frameworks/CoreFoundation.framework/Versions/A/CoreFoundation
0x000000005d1b2000 	/System/Library/Frameworks/Foundation.framework/Versions/C/Foundation
0x000000005d1b2000 	/usr/lib/libobjc.A.dylib
0x000000005d1b2000 	/System/Library/Frameworks/AppKit.framework/Versions/C/AppKit
0x000000005d1b2000 	/System/Library/Frameworks/CoreData.framework/Versions/A/CoreData
0x000000005d1b2000 	/System/Library/PrivateFrameworks/RemoteViewServices.framework/Versions/A/RemoteViewServices
0x000000005d1b2000 	/System/Library/PrivateFrameworks/UIFoundation.framework/Versions/A/UIFoundation
0x000000005d1b2000 	/System/Library/PrivateFrameworks/DFRFoundation.framework/Versions/A/DFRFoundation
0x000000005d1b2000 	/usr/lib/libenergytrace.dylib
0x000000005d1b2000 	/System/Library/PrivateFrameworks/SkyLight.framework/Versions/A/SkyLight
0x000000005d1b2000 	/System/Library/Frameworks/CoreGraphics.framework/Versions/A/CoreGraphics
0x000000005d1b2000 	/usr/lib/libScreenReader.dylib
0x000000005d1b2000 	/System/Library/Frameworks/Accelerate.framework/Versions/A/Accelerate
0x000000005d1b2000 	/System/Library/Frameworks/IOSurface.framework/Versions/A/IOSurface
0x000000005d1b2000 	/System/Library/Frameworks/AudioToolbox.framework/Versions/A/AudioToolbox
0x000000005d1b2000 	/System/Library/Frameworks/AudioUnit.framework/Versions/A/AudioUnit
0x000000005d1b2000 	/System/Library/PrivateFrameworks/DataDetectorsCore.framework/Versions/A/DataDetectorsCore
0x000000005d1b2000 	/System/Library/PrivateFrameworks/DesktopServicesPriv.framework/Versions/A/DesktopServicesPriv
0x000000005d1b2000 	/System/Library/Frameworks/Carbon.framework/Versions/A/Frameworks/HIToolbox.framework/Versions/A/HIToolbox
0x000000005d1b2000 	/usr/lib/libicucore.A.dylib
0x000000005d1b2000 	/System/Library/Frameworks/QuartzCore.framework/Versions/A/QuartzCore
0x000000005d1b2000 	/System/Library/Frameworks/Carbon.framework/Versions/A/Frameworks/SpeechRecognition.framework/Versions/A/SpeechRecognition
0x000000005d1b2000 	/usr/lib/libauto.dylib
0x000000005d1b2000 	/usr/lib/libxml2.2.dylib
0x000000005d1b2000 	/System/Library/PrivateFrameworks/CoreUI.framework/Versions/A/CoreUI
0x000000005d1b2000 	/System/Library/Frameworks/CoreAudio.framework/Versions/A/CoreAudio
0x000000005d1b2000 	/System/Library/Frameworks/DiskArbitration.framework/Versions/A/DiskArbitration
0x000000005d1b2000 	/usr/lib/liblangid.dylib
0x000000005d1b2000 	/System/Library/PrivateFrameworks/MultitouchSupport.framework/Versions/A/MultitouchSupport
0x000000005d1b2000 	/System/Library/Frameworks/IOKit.framework/Versions/A/IOKit
0x000000005d1b2000 	/usr/lib/libDiagnosticMessagesClient.dylib
0x000000005d1b2000 	/System/Library/Frameworks/CoreServices.framework/Versions/A/CoreServices
0x000000005d1b2000 	/System/Library/PrivateFrameworks/PerformanceAnalysis.framework/Versions/A/PerformanceAnalysis
0x000000005d1b2000 	/System/Library/PrivateFrameworks/GenerationalStorage.framework/Versions/A/GenerationalStorage
0x000000005d1b2000 	/System/Library/Frameworks/OpenGL.framework/Versions/A/OpenGL
0x000000005d1b2000 	/System/Library/Frameworks/CoreImage.framework/Versions/A/CoreImage
0x000000005d1b2000 	/System/Library/Frameworks/CoreText.framework/Versions/A/CoreText
0x000000005d1b2000 	/System/Library/Frameworks/ImageIO.framework/Versions/A/ImageIO
0x000000005d1b2000 	/System/Library/PrivateFrameworks/Backup.framework/Versions/A/Backup
0x000000005d1b2000 	/usr/lib/libarchive.2.dylib
0x000000005d1b2000 	/System/Library/Frameworks/CFNetwork.framework/Versions/A/CFNetwork
0x000000005d1b2000 	/System/Library/Frameworks/SystemConfiguration.framework/Versions/A/SystemConfiguration
0x000000005d1b2000 	/usr/lib/libCRFSuite.dylib
0x000000005d1b2000 	/usr/lib/libc++.1.dylib
0x000000005d1b2000 	/usr/lib/libc++abi.dylib
0x000000005d1b2000 	/usr/lib/system/libcache.dylib
0x000000005d1b2000 	/usr/lib/system/libcommonCrypto.dylib
0x000000005d1b2000 	/usr/lib/system/libcompiler_rt.dylib
0x000000005d1b2000 	/usr/lib/system/libcopyfile.dylib
0x000000005d1b2000 	/usr/lib/system/libcorecrypto.dylib
0x000000005d1b2000 	/usr/lib/system/libdispatch.dylib
0x000000005d1b2000 	/usr/lib/system/libdyld.dylib
0x000000005d1b2000 	/usr/lib/system/libkeymgr.dylib
0x000000005d1b2000 	/usr/lib/system/liblaunch.dylib
0x000000005d1b2000 	/usr/lib/system/libmacho.dylib
0x000000005d1b2000 	/usr/lib/system/libquarantine.dylib
0x000000005d1b2000 	/usr/lib/system/libremovefile.dylib
0x000000005d1b2000 	/usr/lib/system/libsystem_asl.dylib
0x000000005d1b2000 	/usr/lib/system/libsystem_blocks.dylib
0x000000005d1b2000 	/usr/lib/system/libsystem_c.dylib
0x000000005d1b2000 	/usr/lib/system/libsystem_configuration.dylib
0x000000005d1b2000 	/usr/lib/system/libsystem_coreservices.dylib
0x000000005d1b2000 	/usr/lib/system/libsystem_coretls.dylib
0x000000005d1b2000 	/usr/lib/system/libsystem_dnssd.dylib
0x000000005d1b2000 	/usr/lib/system/libsystem_info.dylib
0x000000005d1b2000 	/usr/lib/system/libsystem_kernel.dylib
0x000000005d1b2000 	/usr/lib/system/libsystem_m.dylib
0x000000005d1b2000 	/usr/lib/system/libsystem_malloc.dylib
0x000000005d1b2000 	/usr/lib/system/libsystem_network.dylib
0x000000005d1b2000 	/usr/lib/system/libsystem_networkextension.dylib
0x000000005d1b2000 	/usr/lib/system/libsystem_notify.dylib
0x000000005d1b2000 	/usr/lib/system/libsystem_platform.dylib
0x000000005d1b2000 	/usr/lib/system/libsystem_pthread.dylib
0x000000005d1b2000 	/usr/lib/system/libsystem_sandbox.dylib
0x000000005d1b2000 	/usr/lib/system/libsystem_secinit.dylib
0x000000005d1b2000 	/usr/lib/system/libsystem_symptoms.dylib
0x000000005d1b2000 	/usr/lib/system/libsystem_trace.dylib
0x000000005d1b2000 	/usr/lib/system/libunwind.dylib
0x000000005d1b2000 	/usr/lib/system/libxpc.dylib
0x000000005d1b2000 	/usr/lib/libbsm.0.dylib
0x000000005d1b2000 	/usr/lib/system/libkxld.dylib
0x000000005d1b2000 	/usr/lib/libcoretls.dylib
0x000000005d1b2000 	/usr/lib/libcoretls_cfhelpers.dylib
0x000000005d1b2000 	/usr/lib/libOpenScriptingUtil.dylib
0x000000005d1b2000 	/usr/lib/libpam.2.dylib
0x000000005d1b2000 	/usr/lib/libsqlite3.dylib
0x000000005d1b2000 	/usr/lib/libxar.1.dylib
0x000000005d1b2000 	/usr/lib/libbz2.1.0.dylib
0x000000005d1b2000 	/usr/lib/liblzma.5.dylib
0x000000005d1b2000 	/usr/lib/libnetwork.dylib
0x000000005d1b2000 	/usr/lib/libpcap.A.dylib
0x000000005d1b2000 	/System/Library/Frameworks/CoreServices.framework/Versions/A/Frameworks/FSEvents.framework/Versions/A/FSEvents
0x000000005d1b2000 	/System/Library/Frameworks/CoreServices.framework/Versions/A/Frameworks/CarbonCore.framework/Versions/A/CarbonCore
0x000000005d1b2000 	/System/Library/Frameworks/CoreServices.framework/Versions/A/Frameworks/Metadata.framework/Versions/A/Metadata
0x000000005d1b2000 	/System/Library/Frameworks/CoreServices.framework/Versions/A/Frameworks/OSServices.framework/Versions/A/OSServices
0x000000005d1b2000 	/System/Library/Frameworks/CoreServices.framework/Versions/A/Frameworks/SearchKit.framework/Versions/A/SearchKit
0x000000005d1b2000 	/System/Library/Frameworks/CoreServices.framework/Versions/A/Frameworks/AE.framework/Versions/A/AE
0x000000005d1b2000 	/System/Library/Frameworks/CoreServices.framework/Versions/A/Frameworks/LaunchServices.framework/Versions/A/LaunchServices
0x000000005d1b2000 	/System/Library/Frameworks/CoreServices.framework/Versions/A/Frameworks/DictionaryServices.framework/Versions/A/DictionaryServices
0x000000005d1b2000 	/System/Library/Frameworks/CoreServices.framework/Versions/A/Frameworks/SharedFileList.framework/Versions/A/SharedFileList
0x000000005d1b2000 	/System/Library/Frameworks/NetFS.framework/Versions/A/NetFS
0x000000005d1b2000 	/System/Library/PrivateFrameworks/NetAuth.framework/Versions/A/NetAuth
0x000000005d1b2000 	/System/Library/PrivateFrameworks/login.framework/Versions/A/Frameworks/loginsupport.framework/Versions/A/loginsupport
0x000000005d1b2000 	/System/Library/PrivateFrameworks/TCC.framework/Versions/A/TCC
0x000000005d1b2000 	/usr/lib/libmecabra.dylib
0x000000005d1b2000 	/System/Library/Frameworks/ApplicationServices.framework/Versions/A/Frameworks/ATS.framework/Versions/A/ATS
0x000000005d1b2000 	/System/Library/Frameworks/ApplicationServices.framework/Versions/A/Frameworks/ColorSync.framework/Versions/A/ColorSync
0x000000005d1b2000 	/System/Library/Frameworks/ApplicationServices.framework/Versions/A/Frameworks/HIServices.framework/Versions/A/HIServices
0x000000005d1b2000 	/System/Library/Frameworks/ApplicationServices.framework/Versions/A/Frameworks/LangAnalysis.framework/Versions/A/LangAnalysis
0x000000005d1b2000 	/System/Library/Frameworks/ApplicationServices.framework/Versions/A/Frameworks/PrintCore.framework/Versions/A/PrintCore
0x000000005d1b2000 	/System/Library/Frameworks/ApplicationServices.framework/Versions/A/Frameworks/QD.framework/Versions/A/QD
0x000000005d1b2000 	/System/Library/Frameworks/ApplicationServices.framework/Versions/A/Frameworks/SpeechSynthesis.framework/Versions/A/SpeechSynthesis
0x000000005d1b2000 	/System/Library/Frameworks/Accelerate.framework/Versions/A/Frameworks/vImage.framework/Versions/A/vImage
0x000000005d1b2000 	/System/Library/Frameworks/Accelerate.framework/Versions/A/Frameworks/vecLib.framework/Versions/A/vecLib
0x000000005d1b2000 	/System/Library/Frameworks/Accelerate.framework/Versions/A/Frameworks/vecLib.framework/Versions/A/libvDSP.dylib
0x000000005d1b2000 	/System/Library/Frameworks/Accelerate.framework/Versions/A/Frameworks/vecLib.framework/Versions/A/libBNNS.dylib
0x000000005d1b2000 	/System/Library/Frameworks/Accelerate.framework/Versions/A/Frameworks/vecLib.framework/Versions/A/libQuadrature.dylib
0x000000005d1b2000 	/System/Library/Frameworks/Accelerate.framework/Versions/A/Frameworks/vecLib.framework/Versions/A/libvMisc.dylib
0x000000005d1b2000 	/System/Library/Frameworks/Accelerate.framework/Versions/A/Frameworks/vecLib.framework/Versions/A/libLAPACK.dylib
0x000000005d1b2000 	/System/Library/Frameworks/Accelerate.framework/Versions/A/Frameworks/vecLib.framework/Versions/A/libBLAS.dylib
0x000000005d1b2000 	/System/Library/Frameworks/Accelerate.framework/Versions/A/Frameworks/vecLib.framework/Versions/A/libLinearAlgebra.dylib
0x000000005d1b2000 	/System/Library/Frameworks/Accelerate.framework/Versions/A/Frameworks/vecLib.framework/Versions/A/libSparseBLAS.dylib
0x000000005d1b2000 	/System/Library/Frameworks/ApplicationServices.framework/Versions/A/Frameworks/ATS.framework/Versions/A/Resources/libFontParser.dylib
0x000000005d1b2000 	/System/Library/Frameworks/ApplicationServices.framework/Versions/A/Frameworks/ATS.framework/Versions/A/Resources/libFontRegistry.dylib
0x000000005d1b2000 	/System/Library/Frameworks/ImageIO.framework/Versions/A/Resources/libJPEG.dylib
0x000000005d1b2000 	/System/Library/Frameworks/ImageIO.framework/Versions/A/Resources/libTIFF.dylib
0x000000005d1b2000 	/System/Library/Frameworks/ImageIO.framework/Versions/A/Resources/libPng.dylib
0x000000005d1b2000 	/System/Library/Frameworks/ImageIO.framework/Versions/A/Resources/libGIF.dylib
0x000000005d1b2000 	/System/Library/Frameworks/ImageIO.framework/Versions/A/Resources/libJP2.dylib
0x000000005d1b2000 	/System/Library/Frameworks/ImageIO.framework/Versions/A/Resources/libRadiance.dylib
0x000000005d1b2000 	/usr/lib/libcompression.dylib
0x000000005d1b2000 	/System/Library/PrivateFrameworks/AppleJPEG.framework/Versions/A/AppleJPEG
0x000000005d1b2000 	/usr/lib/libcups.2.dylib
0x000000005d1b2000 	/System/Library/Frameworks/Kerberos.framework/Versions/A/Kerberos
0x000000005d1b2000 	/System/Library/Frameworks/GSS.framework/Versions/A/GSS
0x000000005d1b2000 	/usr/lib/libresolv.9.dylib
0x000000005d1b2000 	/usr/lib/libiconv.2.dylib
0x000000005d1b2000 	/System/Library/PrivateFrameworks/Heimdal.framework/Versions/A/Heimdal
0x000000005d1b2000 	/usr/lib/libheimdal-asn1.dylib
0x000000005d1b2000 	/System/Library/Frameworks/OpenDirectory.framework/Versions/A/OpenDirectory
0x000000005d1b2000 	/System/Library/PrivateFrameworks/CommonAuth.framework/Versions/A/CommonAuth
0x000000005d1b2000 	/System/Library/Frameworks/OpenDirectory.framework/Versions/A/Frameworks/CFOpenDirectory.framework/Versions/A/CFOpenDirectory
0x000000005d1b2000 	/System/Library/Frameworks/SecurityFoundation.framework/Versions/A/SecurityFoundation
0x000000005d1b2000 	/System/Library/PrivateFrameworks/LanguageModeling.framework/Versions/A/LanguageModeling
0x000000005d1b2000 	/usr/lib/libmarisa.dylib
0x000000005d1b2000 	/usr/lib/libChineseTokenizer.dylib
0x000000005d1b2000 	/usr/lib/libcmph.dylib
0x000000005d1b2000 	/System/Library/PrivateFrameworks/CoreEmoji.framework/Versions/A/CoreEmoji
0x000000005d1b2000 	/System/Library/Frameworks/ServiceManagement.framework/Versions/A/ServiceManagement
0x000000005d1b2000 	/usr/lib/libxslt.1.dylib
0x000000005d1b2000 	/System/Library/Frameworks/Carbon.framework/Versions/A/Frameworks/Ink.framework/Versions/A/Ink
0x000000005d1b2000 	/System/Library/PrivateFrameworks/TextureIO.framework/Versions/A/TextureIO
0x000000005d1b2000 	/System/Library/Frameworks/Metal.framework/Versions/A/Metal
0x000000005d1b2000 	/usr/lib/libate.dylib
0x000000005d1b2000 	/System/Library/PrivateFrameworks/GPUCompiler.framework/libmetal_timestamp.dylib
0x000000005d1b2000 	/System/Library/Frameworks/OpenGL.framework/Versions/A/Libraries/libCoreFSCache.dylib
0x000000005d1b2000 	/System/Library/PrivateFrameworks/IOAccelerator.framework/Versions/A/IOAccelerator
0x000000005d1b2000 	/System/Library/Frameworks/CoreVideo.framework/Versions/A/CoreVideo
0x000000005d1b2000 	/usr/lib/libFosl_dynamic.dylib
0x000000005d1b2000 	/System/Library/PrivateFrameworks/MetalPerformanceShaders.framework/Versions/A/MetalPerformanceShaders
0x000000005d1b2000 	/System/Library/PrivateFrameworks/FaceCore.framework/Versions/A/FaceCore
0x000000005d1b2000 	/System/Library/Frameworks/OpenCL.framework/Versions/A/OpenCL
0x000000005d1b2000 	/System/Library/Frameworks/OpenGL.framework/Versions/A/Libraries/libGLU.dylib
0x000000005d1b2000 	/System/Library/Frameworks/OpenGL.framework/Versions/A/Libraries/libGFXShared.dylib
0x000000005d1b2000 	/System/Library/Frameworks/OpenGL.framework/Versions/A/Libraries/libGL.dylib
0x000000005d1b2000 	/System/Library/Frameworks/OpenGL.framework/Versions/A/Libraries/libGLImage.dylib
0x000000005d1b2000 	/System/Library/Frameworks/OpenGL.framework/Versions/A/Libraries/libCVMSPluginSupport.dylib
0x000000005d1b2000 	/System/Library/Frameworks/OpenGL.framework/Versions/A/Libraries/libCoreVMClient.dylib
0x000000005d1b2000 	/System/Library/PrivateFrameworks/CrashReporterSupport.framework/Versions/A/CrashReporterSupport
0x000000005d1b2000 	/System/Library/PrivateFrameworks/Sharing.framework/Versions/A/Sharing
0x000000005d1b2000 	/System/Library/PrivateFrameworks/IconServices.framework/Versions/A/IconServices
0x000000005d1b2000 	/System/Library/PrivateFrameworks/ProtocolBuffer.framework/Versions/A/ProtocolBuffer
0x000000005d1b2000 	/System/Library/PrivateFrameworks/Apple80211.framework/Versions/A/Apple80211
0x000000005d1b2000 	/System/Library/Frameworks/CoreWLAN.framework/Versions/A/CoreWLAN
0x000000005d1b2000 	/System/Library/PrivateFrameworks/CoreUtils.framework/Versions/A/CoreUtils
0x000000005d1b2000 	/System/Library/Frameworks/IOBluetooth.framework/Versions/A/IOBluetooth
0x000000005d1b2000 	/System/Library/PrivateFrameworks/CoreWiFi.framework/Versions/A/CoreWiFi
0x000000005d1b2000 	/System/Library/Frameworks/CoreBluetooth.framework/Versions/A/CoreBluetooth
0x000000005d1b2000 	/System/Library/Frameworks/CoreDisplay.framework/Versions/A/CoreDisplay
0x000000005d1b2000 	/System/Library/PrivateFrameworks/IOPresentment.framework/Versions/A/IOPresentment
0x000000005d1b2000 	/System/Library/PrivateFrameworks/DSExternalDisplay.framework/Versions/A/DSExternalDisplay
0x000000005d1b2000 	/System/Library/PrivateFrameworks/DebugSymbols.framework/Versions/A/DebugSymbols
0x000000005d1b2000 	/System/Library/PrivateFrameworks/CoreSymbolication.framework/Versions/A/CoreSymbolication
0x000000005d1b2000 	/System/Library/PrivateFrameworks/Symbolication.framework/Versions/A/Symbolication
0x000000005d1b2000 	/System/Library/PrivateFrameworks/AppleFSCompression.framework/Versions/A/AppleFSCompression
0x000000005d1b2000 	/System/Library/PrivateFrameworks/SpeechRecognitionCore.framework/Versions/A/SpeechRecognitionCore
0x000000005d1b2000 	/System/Library/PrivateFrameworks/ChunkingLibrary.framework/Versions/A/ChunkingLibrary
0x0000000105000000 	/Applications/Android Studio.app/Contents/jre/jdk/Contents/Home/jre/lib/server/libjvm.dylib
0x000000005d1b2000 	/usr/lib/libstdc++.6.dylib
0x0000000103e9d000 	/Applications/Android Studio.app/Contents/jre/jdk/Contents/Home/jre/lib/libverify.dylib
0x0000000103ea9000 	/Applications/Android Studio.app/Contents/jre/jdk/Contents/Home/jre/lib/libjava.dylib
0x0000000103ee7000 	/Applications/Android Studio.app/Contents/jre/jdk/Contents/Home/jre/lib/libzip.dylib
0x000000011b469000 	/Applications/Android Studio.app/Contents/jre/jdk/Contents/Home/jre/lib/libnet.dylib
0x000000011b50f000 	/Applications/Android Studio.app/Contents/jre/jdk/Contents/Home/jre/lib/libnio.dylib
0x000000011b567000 	/Users/thienvan/.gradle/native/25/osx-amd64/libnative-platform.dylib
0x000000011b86d000 	/Applications/Android Studio.app/Contents/jre/jdk/Contents/Home/jre/lib/libmanagement.dylib
0x000000011bd68000 	/Applications/Android Studio.app/Contents/jre/jdk/Contents/Home/jre/lib/libsunec.dylib

VM Arguments:
jvm_args: -Xmx1536m -Dfile.encoding=UTF-8 -Duser.country=US -Duser.language=en -Duser.variant 
java_command: org.gradle.launcher.daemon.bootstrap.GradleDaemon 4.10.1
java_class_path (initial): /Users/thienvan/.gradle/wrapper/dists/gradle-4.10.1-all/455itskqi2qtf0v2sja68alqd/gradle-4.10.1/lib/gradle-launcher-4.10.1.jar
Launcher Type: SUN_STANDARD

Environment Variables:
PATH=/usr/local/bin:/usr/bin:/bin:/usr/sbin:/sbin:/usr/local/share/dotnet:~/.dotnet/tools:/Users/thienvan/Library/Android/sdk/tools:/Users/thienvan/Library/Android/sdk/tools/bin:/Users/thienvan/Library/Android/sdk/platform-tools:/Users/thienvan/Library/Android/sdk/emulator
SHELL=/bin/bash

Signal Handlers:
SIGSEGV: [libjvm.dylib+0x570b99], sa_mask[0]=11111111011111110111111111111111, sa_flags=SA_ONSTACK|SA_RESTART|SA_SIGINFO
SIGBUS: [libjvm.dylib+0x570b99], sa_mask[0]=11111111011111110111111111111111, sa_flags=SA_RESTART|SA_SIGINFO
SIGFPE: [libjvm.dylib+0x461f81], sa_mask[0]=11111111011111110111111111111111, sa_flags=SA_RESTART|SA_SIGINFO
SIGPIPE: [libjvm.dylib+0x461f81], sa_mask[0]=11111111011111110111111111111111, sa_flags=SA_RESTART|SA_SIGINFO
SIGXFSZ: [libjvm.dylib+0x461f81], sa_mask[0]=11111111011111110111111111111111, sa_flags=SA_RESTART|SA_SIGINFO
SIGILL: [libjvm.dylib+0x461f81], sa_mask[0]=11111111011111110111111111111111, sa_flags=SA_RESTART|SA_SIGINFO
SIGUSR1: SIG_DFL, sa_mask[0]=00000000000000000000000000000000, sa_flags=none
SIGUSR2: [libjvm.dylib+0x462892], sa_mask[0]=00100000000000000000000000000000, sa_flags=SA_RESTART|SA_SIGINFO
SIGHUP: [libjvm.dylib+0x460a7b], sa_mask[0]=11111111011111110111111111111111, sa_flags=SA_RESTART|SA_SIGINFO
SIGINT: [libjvm.dylib+0x460a7b], sa_mask[0]=11111111011111110111111111111111, sa_flags=SA_RESTART|SA_SIGINFO
SIGTERM: [libjvm.dylib+0x460a7b], sa_mask[0]=11111111011111110111111111111111, sa_flags=SA_RESTART|SA_SIGINFO
SIGQUIT: [libjvm.dylib+0x460a7b], sa_mask[0]=11111111011111110111111111111111, sa_flags=SA_RESTART|SA_SIGINFO


---------------  S Y S T E M  ---------------

OS:Bsduname:Darwin 16.7.0 Darwin Kernel Version 16.7.0: Thu Jan 11 22:59:40 PST 2018; root:xnu-3789.73.8~1/RELEASE_X86_64 x86_64
rlimit: STACK 8192k, CORE 0k, NPROC 709, NOFILE 10240, AS infinity
load average:3.21 2.88 2.74

CPU:total 8 (initial active 8) (4 cores per cpu, 2 threads per core) family 6 model 60 stepping 3, cmov, cx8, fxsr, mmx, sse, sse2, sse3, ssse3, sse4.1, sse4.2, popcnt, avx, avx2, aes, clmul, erms, lzcnt, ht, tsc, tscinvbit, bmi1, bmi2

Memory: 4k page, physical 8388608k(26920k free)

/proc/meminfo:


vm_info: OpenJDK 64-Bit Server VM (25.152-b01) for bsd-amd64 JRE (1.8.0_152-release-1248-b01), built by "builder" with gcc 4.2.1 Compatible Apple LLVM 9.1.0 (clang-902.0.39.2)

time: Tue Mar  5 13:35:20 2019
elapsed time: 7911 seconds (0d 2h 11m 51s)

